Build started 2/5/2015 4:40:08 PM.
     1>Project "E:\PROJECTS\Restructure\Restructure\Restructure.vcxproj" on node 2 (build target(s)).
     1>InitializeBuildStatus:
         Creating "Debug\Restructure.unsuccessfulbuild" because "AlwaysCreate" was specified.
       ClCompile:
         C:\Program Files (x86)\Microsoft Visual Studio 10.0\VC\bin\CL.exe /c /ZI /nologo /W3 /WX- /Od /Oy- /D WIN32 /D _DEBUG /D _CONSOLE /D _UNICODE /D UNICODE /Gm /EHsc /RTC1 /MDd /GS /fp:precise /Zc:wchar_t /Zc:forScope /Fo"Debug\\" /Fd"Debug\vc100.pdb" /Gd /TP /analyze- /errorReport:prompt Main.cpp
         Main.cpp
     1>e:\projects\restructure\restructure\matrixd.h(549): warning C4244: 'argument' : conversion from 'const Matrixd::value_type' to 'Vec3f::value_type', possible loss of data
     1>e:\projects\restructure\restructure\matrixd.h(549): warning C4244: 'argument' : conversion from 'const Matrixd::value_type' to 'Vec3f::value_type', possible loss of data
     1>e:\projects\restructure\restructure\matrixd.h(549): warning C4244: 'argument' : conversion from 'const Matrixd::value_type' to 'Vec3f::value_type', possible loss of data
     1>e:\projects\restructure\restructure\matrixd.h(565): warning C4244: 'argument' : conversion from 'const Matrixd::value_type' to 'Vec3f::value_type', possible loss of data
     1>e:\projects\restructure\restructure\matrixd.h(565): warning C4244: 'argument' : conversion from 'const Matrixd::value_type' to 'Vec3f::value_type', possible loss of data
     1>e:\projects\restructure\restructure\matrixd.h(565): warning C4244: 'argument' : conversion from 'const Matrixd::value_type' to 'Vec3f::value_type', possible loss of data
     1>e:\projects\restructure\restructure\matrixd.h(581): warning C4244: 'argument' : conversion from 'const Matrixd::value_type' to 'Vec4f::value_type', possible loss of data
     1>e:\projects\restructure\restructure\matrixd.h(581): warning C4244: 'argument' : conversion from 'const Matrixd::value_type' to 'Vec4f::value_type', possible loss of data
     1>e:\projects\restructure\restructure\matrixd.h(581): warning C4244: 'argument' : conversion from 'const Matrixd::value_type' to 'Vec4f::value_type', possible loss of data
     1>e:\projects\restructure\restructure\matrixd.h(581): warning C4244: 'argument' : conversion from 'const Matrixd::value_type' to 'Vec4f::value_type', possible loss of data
     1>e:\projects\restructure\restructure\matrixd.h(596): warning C4244: 'argument' : conversion from 'const Matrixd::value_type' to 'Vec4f::value_type', possible loss of data
     1>e:\projects\restructure\restructure\matrixd.h(596): warning C4244: 'argument' : conversion from 'const Matrixd::value_type' to 'Vec4f::value_type', possible loss of data
     1>e:\projects\restructure\restructure\matrixd.h(596): warning C4244: 'argument' : conversion from 'const Matrixd::value_type' to 'Vec4f::value_type', possible loss of data
     1>e:\projects\restructure\restructure\matrixd.h(596): warning C4244: 'argument' : conversion from 'const Matrixd::value_type' to 'Vec4f::value_type', possible loss of data
     1>e:\projects\restructure\restructure\matrixd.h(611): warning C4244: 'argument' : conversion from 'const Matrixd::value_type' to 'Vec3f::value_type', possible loss of data
     1>e:\projects\restructure\restructure\matrixd.h(611): warning C4244: 'argument' : conversion from 'const Matrixd::value_type' to 'Vec3f::value_type', possible loss of data
     1>e:\projects\restructure\restructure\matrixd.h(611): warning C4244: 'argument' : conversion from 'const Matrixd::value_type' to 'Vec3f::value_type', possible loss of data
     1>e:\projects\restructure\restructure\matrixd.h(624): warning C4244: 'argument' : conversion from 'const Matrixd::value_type' to 'Vec3f::value_type', possible loss of data
     1>e:\projects\restructure\restructure\matrixd.h(624): warning C4244: 'argument' : conversion from 'const Matrixd::value_type' to 'Vec3f::value_type', possible loss of data
     1>e:\projects\restructure\restructure\matrixd.h(624): warning C4244: 'argument' : conversion from 'const Matrixd::value_type' to 'Vec3f::value_type', possible loss of data
     1>e:\projects\restructure\restructure\matrixf.h(519): warning C4244: 'argument' : conversion from 'Vec3d::value_type' to 'Matrixf::value_type', possible loss of data
     1>e:\projects\restructure\restructure\matrixf.h(519): warning C4244: 'argument' : conversion from 'Vec3d::value_type' to 'Matrixf::value_type', possible loss of data
     1>e:\projects\restructure\restructure\matrixf.h(519): warning C4244: 'argument' : conversion from 'Vec3d::value_type' to 'Matrixf::value_type', possible loss of data
     1>e:\projects\restructure\restructure\matrixf.h(536): warning C4244: 'argument' : conversion from 'Vec3d::value_type' to 'Matrixf::value_type', possible loss of data
     1>e:\projects\restructure\restructure\matrixf.h(536): warning C4244: 'argument' : conversion from 'Vec3d::value_type' to 'Matrixf::value_type', possible loss of data
     1>e:\projects\restructure\restructure\matrixf.h(536): warning C4244: 'argument' : conversion from 'Vec3d::value_type' to 'Matrixf::value_type', possible loss of data
     1>e:\projects\restructure\restructure\matrixf.h(661): warning C4244: 'initializing' : conversion from 'Vec3d::value_type' to 'Matrixf::value_type', possible loss of data
     1>e:\projects\restructure\restructure\matrixf.h(676): warning C4244: 'initializing' : conversion from 'Vec3d::value_type' to 'Matrixf::value_type', possible loss of data
     1>e:\projects\restructure\restructure\matrixf.h(744): warning C4244: '+=' : conversion from 'double' to 'Matrixf::value_type', possible loss of data
     1>e:\projects\restructure\restructure\matrixf.h(745): warning C4244: '+=' : conversion from 'double' to 'Matrixf::value_type', possible loss of data
     1>e:\projects\restructure\restructure\matrixf.h(746): warning C4244: '+=' : conversion from 'double' to 'Matrixf::value_type', possible loss of data
     1>e:\projects\restructure\restructure\matrixf.h(747): warning C4244: '+=' : conversion from 'double' to 'Matrixf::value_type', possible loss of data
     1>e:\projects\restructure\restructure\matrixf.h(772): warning C4244: '+=' : conversion from 'double' to 'Matrixf::value_type', possible loss of data
     1>e:\projects\restructure\restructure\matrixf.h(773): warning C4244: '+=' : conversion from 'double' to 'Matrixf::value_type', possible loss of data
     1>e:\projects\restructure\restructure\matrixf.h(774): warning C4244: '+=' : conversion from 'double' to 'Matrixf::value_type', possible loss of data
     1>e:\projects\restructure\restructure\matrixf.h(775): warning C4244: '+=' : conversion from 'double' to 'Matrixf::value_type', possible loss of data
     1>e:\projects\restructure\restructure\matrixf.h(795): warning C4244: '*=' : conversion from 'Vec3d::value_type' to 'Matrixf::value_type', possible loss of data
     1>e:\projects\restructure\restructure\matrixf.h(795): warning C4244: '*=' : conversion from 'Vec3d::value_type' to 'Matrixf::value_type', possible loss of data
     1>e:\projects\restructure\restructure\matrixf.h(795): warning C4244: '*=' : conversion from 'Vec3d::value_type' to 'Matrixf::value_type', possible loss of data
     1>e:\projects\restructure\restructure\matrixf.h(795): warning C4244: '*=' : conversion from 'Vec3d::value_type' to 'Matrixf::value_type', possible loss of data
     1>e:\projects\restructure\restructure\matrixf.h(796): warning C4244: '*=' : conversion from 'Vec3d::value_type' to 'Matrixf::value_type', possible loss of data
     1>e:\projects\restructure\restructure\matrixf.h(796): warning C4244: '*=' : conversion from 'Vec3d::value_type' to 'Matrixf::value_type', possible loss of data
     1>e:\projects\restructure\restructure\matrixf.h(796): warning C4244: '*=' : conversion from 'Vec3d::value_type' to 'Matrixf::value_type', possible loss of data
     1>e:\projects\restructure\restructure\matrixf.h(796): warning C4244: '*=' : conversion from 'Vec3d::value_type' to 'Matrixf::value_type', possible loss of data
     1>e:\projects\restructure\restructure\matrixf.h(797): warning C4244: '*=' : conversion from 'Vec3d::value_type' to 'Matrixf::value_type', possible loss of data
     1>e:\projects\restructure\restructure\matrixf.h(797): warning C4244: '*=' : conversion from 'Vec3d::value_type' to 'Matrixf::value_type', possible loss of data
     1>e:\projects\restructure\restructure\matrixf.h(797): warning C4244: '*=' : conversion from 'Vec3d::value_type' to 'Matrixf::value_type', possible loss of data
     1>e:\projects\restructure\restructure\matrixf.h(797): warning C4244: '*=' : conversion from 'Vec3d::value_type' to 'Matrixf::value_type', possible loss of data
     1>e:\projects\restructure\restructure\matrixf.h(809): warning C4244: '*=' : conversion from 'Vec3d::value_type' to 'Matrixf::value_type', possible loss of data
     1>e:\projects\restructure\restructure\matrixf.h(809): warning C4244: '*=' : conversion from 'Vec3d::value_type' to 'Matrixf::value_type', possible loss of data
     1>e:\projects\restructure\restructure\matrixf.h(809): warning C4244: '*=' : conversion from 'Vec3d::value_type' to 'Matrixf::value_type', possible loss of data
     1>e:\projects\restructure\restructure\matrixf.h(809): warning C4244: '*=' : conversion from 'Vec3d::value_type' to 'Matrixf::value_type', possible loss of data
     1>e:\projects\restructure\restructure\matrixf.h(810): warning C4244: '*=' : conversion from 'Vec3d::value_type' to 'Matrixf::value_type', possible loss of data
     1>e:\projects\restructure\restructure\matrixf.h(810): warning C4244: '*=' : conversion from 'Vec3d::value_type' to 'Matrixf::value_type', possible loss of data
     1>e:\projects\restructure\restructure\matrixf.h(810): warning C4244: '*=' : conversion from 'Vec3d::value_type' to 'Matrixf::value_type', possible loss of data
     1>e:\projects\restructure\restructure\matrixf.h(810): warning C4244: '*=' : conversion from 'Vec3d::value_type' to 'Matrixf::value_type', possible loss of data
     1>e:\projects\restructure\restructure\matrixf.h(811): warning C4244: '*=' : conversion from 'Vec3d::value_type' to 'Matrixf::value_type', possible loss of data
     1>e:\projects\restructure\restructure\matrixf.h(811): warning C4244: '*=' : conversion from 'Vec3d::value_type' to 'Matrixf::value_type', possible loss of data
     1>e:\projects\restructure\restructure\matrixf.h(811): warning C4244: '*=' : conversion from 'Vec3d::value_type' to 'Matrixf::value_type', possible loss of data
     1>e:\projects\restructure\restructure\matrixf.h(811): warning C4244: '*=' : conversion from 'Vec3d::value_type' to 'Matrixf::value_type', possible loss of data
     1>e:\projects\restructure\restructure\planef.h(86): warning C4244: 'argument' : conversion from 'Vec4d::value_type' to 'Planef::value_type', possible loss of data
     1>e:\projects\restructure\restructure\planef.h(86): warning C4244: 'argument' : conversion from 'Vec4d::value_type' to 'Planef::value_type', possible loss of data
     1>e:\projects\restructure\restructure\planef.h(86): warning C4244: 'argument' : conversion from 'Vec4d::value_type' to 'Planef::value_type', possible loss of data
     1>e:\projects\restructure\restructure\planef.h(86): warning C4244: 'argument' : conversion from 'Vec4d::value_type' to 'Planef::value_type', possible loss of data
       ManifestResourceCompile:
         All outputs are up-to-date.
       Link:
         C:\Program Files (x86)\Microsoft Visual Studio 10.0\VC\bin\link.exe /ERRORREPORT:PROMPT /OUT:"E:\PROJECTS\Restructure\Debug\Restructure.exe" /INCREMENTAL /NOLOGO kernel32.lib user32.lib gdi32.lib winspool.lib comdlg32.lib advapi32.lib shell32.lib ole32.lib oleaut32.lib uuid.lib odbc32.lib odbccp32.lib /MANIFEST /ManifestFile:"Debug\Restructure.exe.intermediate.manifest" /MANIFESTUAC:"level='asInvoker' uiAccess='false'" /DEBUG /PDB:"E:\PROJECTS\Restructure\Debug\Restructure.pdb" /SUBSYSTEM:CONSOLE /TLBID:1 /DYNAMICBASE /NXCOMPAT /IMPLIB:"E:\PROJECTS\Restructure\Debug\Restructure.lib" /MACHINE:X86 Debug\Restructure.exe.embed.manifest.res
         Debug\Color.obj
         Debug\Main.obj
         Debug\Math.obj
         Debug\Node.obj
         Debug\NodeVisitor.obj
         Debug\Object.obj
         Debug\Observer.obj
         Debug\Referenced.obj
         Debug\tinyxml2.obj
         Debug\Value.obj
       Manifest:
         C:\Program Files (x86)\Microsoft SDKs\Windows\v7.0A\bin\mt.exe /nologo /verbose /out:"Debug\Restructure.exe.embed.manifest" /manifest Debug\Restructure.exe.intermediate.manifest
         All outputs are up-to-date.
       LinkEmbedManifest:
         All outputs are up-to-date.
         Restructure.vcxproj -> E:\PROJECTS\Restructure\Debug\Restructure.exe
       FinalizeBuildStatus:
         Deleting file "Debug\Restructure.unsuccessfulbuild".
         Touching "Debug\Restructure.lastbuildstate".
     1>Done Building Project "E:\PROJECTS\Restructure\Restructure\Restructure.vcxproj" (build target(s)).

Build succeeded.

Time Elapsed 00:00:00.74
